<?xml version="1.0" encoding="UTF-8"?>
<testng-results ignored="0" total="3" passed="2" failed="1" skipped="0">
  <reporter-output>
  </reporter-output>
  <suite started-at="2025-09-19T19:35:40 IST" name="Default suite" finished-at="2025-09-19T19:39:44 IST" duration-ms="243802">
    <groups>
    </groups>
    <test started-at="2025-09-19T19:35:40 IST" name="Default test" finished-at="2025-09-19T19:39:44 IST" duration-ms="243802">
      <class name="com.violetis.Tests.HomePageTest">
        <test-method is-config="true" signature="setUp()[pri:0, instance:com.violetis.Tests.HomePageTest@35f26e72]" started-at="2025-09-19T19:35:40 IST" name="setUp" finished-at="2025-09-19T19:36:38 IST" duration-ms="57438" status="PASS">
          <reporter-output>
          </reporter-output>
        </test-method> <!-- setUp -->
        <test-method signature="testHRSubMenus()[pri:1, instance:com.violetis.Tests.HomePageTest@35f26e72]" started-at="2025-09-19T19:36:38 IST" name="testHRSubMenus" finished-at="2025-09-19T19:36:53 IST" duration-ms="15355" status="FAIL">
          <exception class="java.lang.AssertionError">
            <message>
              <![CDATA[HR → Submenu: Time & Attendance | Expected href: https://www.violetisworkplace.com/time-attendance | Actual: https://www.violetisworkplace.com/ expected [true] but found [false]]]>
            </message>
            <full-stacktrace>
              <![CDATA[java.lang.AssertionError: HR → Submenu: Time & Attendance | Expected href: https://www.violetisworkplace.com/time-attendance | Actual: https://www.violetisworkplace.com/ expected [true] but found [false]
at org.testng.Assert.fail(Assert.java:111)
at org.testng.Assert.failNotEquals(Assert.java:1590)
at org.testng.Assert.assertTrue(Assert.java:57)
at com.violetis.Tests.HomePageTest.validateSubMenus(HomePageTest.java:34)
at com.violetis.Tests.HomePageTest.testHRSubMenus(HomePageTest.java:51)
at java.base/jdk.internal.reflect.DirectMethodHandleAccessor.invoke(DirectMethodHandleAccessor.java:103)
at java.base/java.lang.reflect.Method.invoke(Method.java:580)
at org.testng.internal.invokers.MethodInvocationHelper.invokeMethod(MethodInvocationHelper.java:141)
at org.testng.internal.invokers.TestInvoker.invokeMethod(TestInvoker.java:687)
at org.testng.internal.invokers.TestInvoker.invokeTestMethod(TestInvoker.java:230)
at org.testng.internal.invokers.MethodRunner.runInSequence(MethodRunner.java:63)
at org.testng.internal.invokers.TestInvoker$MethodInvocationAgent.invoke(TestInvoker.java:995)
at org.testng.internal.invokers.TestInvoker.invokeTestMethods(TestInvoker.java:203)
at org.testng.internal.invokers.TestMethodWorker.invokeTestMethods(TestMethodWorker.java:154)
at org.testng.internal.invokers.TestMethodWorker.run(TestMethodWorker.java:134)
at java.base/java.util.ArrayList.forEach(ArrayList.java:1597)
at org.testng.TestRunner.privateRun(TestRunner.java:741)
at org.testng.TestRunner.run(TestRunner.java:616)
at org.testng.SuiteRunner.runTest(SuiteRunner.java:421)
at org.testng.SuiteRunner.runSequentially(SuiteRunner.java:413)
at org.testng.SuiteRunner.privateRun(SuiteRunner.java:373)
at org.testng.SuiteRunner.run(SuiteRunner.java:312)
at org.testng.SuiteRunnerWorker.runSuite(SuiteRunnerWorker.java:52)
at org.testng.SuiteRunnerWorker.run(SuiteRunnerWorker.java:95)
at org.testng.TestNG.runSuitesSequentially(TestNG.java:1274)
at org.testng.TestNG.runSuitesLocally(TestNG.java:1208)
at org.testng.TestNG.runSuites(TestNG.java:1112)
at org.testng.TestNG.run(TestNG.java:1079)
at org.testng.remote.AbstractRemoteTestNG.run(AbstractRemoteTestNG.java:115)
at org.testng.remote.RemoteTestNG.initAndRun(RemoteTestNG.java:293)
at org.testng.remote.RemoteTestNG.main(RemoteTestNG.java:91)
]]>
            </full-stacktrace>
          </exception> <!-- java.lang.AssertionError -->
          <reporter-output>
          </reporter-output>
        </test-method> <!-- testHRSubMenus -->
        <test-method is-config="true" signature="tearDown()[pri:0, instance:com.violetis.Tests.HomePageTest@35f26e72]" started-at="2025-09-19T19:36:53 IST" name="tearDown" finished-at="2025-09-19T19:36:57 IST" duration-ms="4138" status="PASS">
          <reporter-output>
          </reporter-output>
        </test-method> <!-- tearDown -->
        <test-method is-config="true" signature="setUp()[pri:0, instance:com.violetis.Tests.HomePageTest@35f26e72]" started-at="2025-09-19T19:36:58 IST" name="setUp" finished-at="2025-09-19T19:37:33 IST" duration-ms="35194" status="PASS">
          <reporter-output>
          </reporter-output>
        </test-method> <!-- setUp -->
        <test-method signature="testCRMSubMenus()[pri:2, instance:com.violetis.Tests.HomePageTest@35f26e72]" started-at="2025-09-19T19:37:33 IST" name="testCRMSubMenus" finished-at="2025-09-19T19:38:18 IST" duration-ms="45233" status="PASS">
          <reporter-output>
          </reporter-output>
        </test-method> <!-- testCRMSubMenus -->
        <test-method is-config="true" signature="tearDown()[pri:0, instance:com.violetis.Tests.HomePageTest@35f26e72]" started-at="2025-09-19T19:38:18 IST" name="tearDown" finished-at="2025-09-19T19:38:26 IST" duration-ms="8443" status="PASS">
          <reporter-output>
          </reporter-output>
        </test-method> <!-- tearDown -->
        <test-method is-config="true" signature="setUp()[pri:0, instance:com.violetis.Tests.HomePageTest@35f26e72]" started-at="2025-09-19T19:38:26 IST" name="setUp" finished-at="2025-09-19T19:39:02 IST" duration-ms="35798" status="PASS">
          <reporter-output>
          </reporter-output>
        </test-method> <!-- setUp -->
        <test-method signature="testMailSubMenus()[pri:3, instance:com.violetis.Tests.HomePageTest@35f26e72]" started-at="2025-09-19T19:39:02 IST" name="testMailSubMenus" finished-at="2025-09-19T19:39:36 IST" duration-ms="33864" status="PASS">
          <reporter-output>
          </reporter-output>
        </test-method> <!-- testMailSubMenus -->
        <test-method is-config="true" signature="tearDown()[pri:0, instance:com.violetis.Tests.HomePageTest@35f26e72]" started-at="2025-09-19T19:39:36 IST" name="tearDown" finished-at="2025-09-19T19:39:44 IST" duration-ms="7608" status="PASS">
          <reporter-output>
          </reporter-output>
        </test-method> <!-- tearDown -->
      </class> <!-- com.violetis.Tests.HomePageTest -->
    </test> <!-- Default test -->
  </suite> <!-- Default suite -->
</testng-results>
