<?xml version="1.0" encoding="UTF-8"?>
<!-- Generated by org.testng.reporters.JUnitXMLReporter -->
<testsuite ignored="0" hostname="DESKTOP-P2DJP4T" failures="0" tests="3" name="ChromeTest" time="449.658" errors="0" timestamp="2025-10-06T17:57:29 IST">
  <testcase classname="com.violetis.Tests.HomePageTest" name="testHRSubMenus" time="139.324"/>
  <testcase classname="com.violetis.Tests.HomePageTest" name="testCRMSubMenus" time="127.173"/>
  <testcase classname="com.violetis.Tests.HomePageTest" name="testMailSubMenus" time="51.69"/>
</testsuite> <!-- ChromeTest -->
