<?xml version="1.0" encoding="UTF-8"?>
<!-- Generated by org.testng.reporters.JUnitXMLReporter -->
<testsuite ignored="0" hostname="DESKTOP-P2DJP4T" failures="1" tests="3" name="EdgeTest" time="442.165" errors="0" timestamp="2025-10-06T17:57:22 IST">
  <testcase classname="com.violetis.Tests.HomePageTest" name="testHRSubMenus" time="128.807"/>
  <testcase classname="com.violetis.Tests.HomePageTest" name="testCRMSubMenus" time="113.818"/>
  <testcase classname="com.violetis.Tests.HomePageTest" name="testMailSubMenus" time="56.982">
    <failure type="org.openqa.selenium.ElementNotInteractableException" message="element not interactable: element has zero size
  (Session info: MicrosoftEdge=141.0.3537.57)
Build info: version: &amp;apos;4.35.0&amp;apos;, revision: &amp;apos;1c58e5028b&amp;apos;
System info: os.name: &amp;apos;Windows 10&amp;apos;, os.arch: &amp;apos;amd64&amp;apos;, os.version: &amp;apos;10.0&amp;apos;, java.version: &amp;apos;23.0.1&amp;apos;
Driver info: org.openqa.selenium.edge.EdgeDriver
Command: [51652ef2e842caeac49f235f7defd2cf, clickElement {id=f.DC915868315C6FEEBFC7AC28ED0B03C3.d.D056B4044A0C20E150D1C3C679F80553.e.189}]
Capabilities {acceptInsecureCerts: false, browserName: MicrosoftEdge, browserVersion: 141.0.3537.57, fedcm:accounts: true, ms:edgeOptions: {debuggerAddress: localhost:63074}, msedge: {msedgedriverVersion: 141.0.3537.57 (edf1b001e567..., userDataDir: C:\Users\Dell\AppData\Local...}, networkConnectionEnabled: false, pageLoadStrategy: normal, platformName: windows, proxy: Proxy(), se:cdp: ws://localhost:63074/devtoo..., se:cdpVersion: 141.0.3537.57, setWindowRect: true, strictFileInteractability: false, timeouts: {implicit: 0, pageLoad: 300000, script: 30000}, unhandledPromptBehavior: dismiss and notify, webauthn:extension:credBlob: true, webauthn:extension:largeBlob: true, webauthn:extension:minPinLength: true, webauthn:extension:prf: true, webauthn:virtualAuthenticators: true}
Element: [[EdgeDriver: MicrosoftEdge on windows (51652ef2e842caeac49f235f7defd2cf)] -&amp;gt; xpath: //*[@id=&amp;quot;navbarContent&amp;quot;]/div/ul/li[3]/ul/li/a]
Session ID: 51652ef2e842caeac49f235f7defd2cf">
      <![CDATA[org.openqa.selenium.ElementNotInteractableException: element not interactable: element has zero size
  (Session info: MicrosoftEdge=141.0.3537.57)
Build info: version: '4.35.0', revision: '1c58e5028b'
System info: os.name: 'Windows 10', os.arch: 'amd64', os.version: '10.0', java.version: '23.0.1'
Driver info: org.openqa.selenium.edge.EdgeDriver
Command: [51652ef2e842caeac49f235f7defd2cf, clickElement {id=f.DC915868315C6FEEBFC7AC28ED0B03C3.d.D056B4044A0C20E150D1C3C679F80553.e.189}]
Capabilities {acceptInsecureCerts: false, browserName: MicrosoftEdge, browserVersion: 141.0.3537.57, fedcm:accounts: true, ms:edgeOptions: {debuggerAddress: localhost:63074}, msedge: {msedgedriverVersion: 141.0.3537.57 (edf1b001e567..., userDataDir: C:\Users\Dell\AppData\Local...}, networkConnectionEnabled: false, pageLoadStrategy: normal, platformName: windows, proxy: Proxy(), se:cdp: ws://localhost:63074/devtoo..., se:cdpVersion: 141.0.3537.57, setWindowRect: true, strictFileInteractability: false, timeouts: {implicit: 0, pageLoad: 300000, script: 30000}, unhandledPromptBehavior: dismiss and notify, webauthn:extension:credBlob: true, webauthn:extension:largeBlob: true, webauthn:extension:minPinLength: true, webauthn:extension:prf: true, webauthn:virtualAuthenticators: true}
Element: [[EdgeDriver: MicrosoftEdge on windows (51652ef2e842caeac49f235f7defd2cf)] -> xpath: //*[@id="navbarContent"]/div/ul/li[3]/ul/li/a]
Session ID: 51652ef2e842caeac49f235f7defd2cf
at org.openqa.selenium.remote.ErrorCodec.decode(ErrorCodec.java:167)
at org.openqa.selenium.remote.codec.w3c.W3CHttpResponseCodec.decode(W3CHttpResponseCodec.java:138)
at org.openqa.selenium.remote.codec.w3c.W3CHttpResponseCodec.decode(W3CHttpResponseCodec.java:50)
at org.openqa.selenium.remote.HttpCommandExecutor.execute(HttpCommandExecutor.java:215)
at org.openqa.selenium.remote.service.DriverCommandExecutor.invokeExecute(DriverCommandExecutor.java:216)
at org.openqa.selenium.remote.service.DriverCommandExecutor.execute(DriverCommandExecutor.java:174)
at org.openqa.selenium.remote.RemoteWebDriver.execute(RemoteWebDriver.java:557)
at org.openqa.selenium.remote.RemoteWebElement.execute(RemoteWebElement.java:223)
at org.openqa.selenium.remote.RemoteWebElement.click(RemoteWebElement.java:76)
at com.violetis.Pages.HomePage.clickSubMenu(HomePage.java:60)
at com.violetis.Pages.HomePage.clickMailSubMenu(HomePage.java:80)
at com.violetis.Tests.HomePageTest.lambda$2(HomePageTest.java:77)
at com.violetis.Tests.HomePageTest.validateSubMenus(HomePageTest.java:27)
at com.violetis.Tests.HomePageTest.testMailSubMenus(HomePageTest.java:73)
at java.base/java.util.ArrayList.forEach(ArrayList.java:1597)
at java.base/java.util.concurrent.FutureTask.run(FutureTask.java:317)
at java.base/java.util.concurrent.ThreadPoolExecutor.runWorker(ThreadPoolExecutor.java:1144)
at java.base/java.util.concurrent.ThreadPoolExecutor$Worker.run(ThreadPoolExecutor.java:642)
at java.base/java.lang.Thread.run(Thread.java:1575)
... Removed 18 stack frames]]>
    </failure>
  </testcase> <!-- testMailSubMenus -->
</testsuite> <!-- EdgeTest -->
