<?xml version="1.0" encoding="UTF-8"?>
<!-- Generated by org.testng.reporters.JUnitXMLReporter -->
<testsuite ignored="0" hostname="DESKTOP-P2DJP4T" failures="0" tests="3" name="FirefoxTest" time="437.331" errors="0" timestamp="2025-10-06T17:57:17 IST">
  <testcase classname="com.violetis.Tests.HomePageTest" name="testHRSubMenus" time="112.528"/>
  <testcase classname="com.violetis.Tests.HomePageTest" name="testCRMSubMenus" time="104.998"/>
  <testcase classname="com.violetis.Tests.HomePageTest" name="testMailSubMenus" time="83.858"/>
</testsuite> <!-- FirefoxTest -->
