<?xml version="1.0" encoding="UTF-8"?>
<!-- Generated by org.testng.reporters.JUnitXMLReporter -->
<testsuite ignored="0" hostname="DESKTOP-P2DJP4T" failures="0" tests="3" name="Default test" time="213.689" errors="0" timestamp="2025-10-06T17:48:44 IST">
  <testcase classname="com.violetis.Tests.HomePageTest" name="testHRSubMenus" time="55.515"/>
  <testcase classname="com.violetis.Tests.HomePageTest" name="testCRMSubMenus" time="50.93"/>
  <testcase classname="com.violetis.Tests.HomePageTest" name="testMailSubMenus" time="31.236"/>
</testsuite> <!-- Default test -->
