<?xml version="1.0" encoding="UTF-8"?>
<!-- Generated by org.testng.reporters.JUnitXMLReporter -->
<testsuite ignored="0" hostname="DESKTOP-P2DJP4T" failures="1" tests="3" name="Test" time="375.244" errors="0" timestamp="2025-09-19T19:28:48 IST">
  <testcase classname="com.violetis.Tests.HomePageTest" name="testHRSubMenus" time="59.342"/>
  <testcase classname="com.violetis.Tests.HomePageTest" name="testCRMSubMenus" time="10.141">
    <failure type="java.lang.AssertionError" message="CRM → Submenu: Lead Management | Expected href: https://www.violetisworkplace.com/lead-management | Actual: https://www.violetisworkplace.com/ expected [true] but found [false]">
      <![CDATA[java.lang.AssertionError: CRM → Submenu: Lead Management | Expected href: https://www.violetisworkplace.com/lead-management | Actual: https://www.violetisworkplace.com/ expected [true] but found [false]
at com.violetis.Tests.HomePageTest.validateSubMenus(HomePageTest.java:34)
at com.violetis.Tests.HomePageTest.testCRMSubMenus(HomePageTest.java:62)
at java.base/java.util.ArrayList.forEach(ArrayList.java:1597)
... Removed 28 stack frames]]>
    </failure>
  </testcase> <!-- testCRMSubMenus -->
  <testcase classname="com.violetis.Tests.HomePageTest" name="testMailSubMenus" time="105.55"/>
</testsuite> <!-- Test -->
