<?xml version="1.0" encoding="UTF-8"?>
<!-- Generated by org.testng.reporters.JUnitReportReporter -->
<testsuite hostname="DESKTOP-P2DJP4T" failures="0" tests="3" name="com.violetis.Tests.empdashboard.EMPBdayTest" time="31.968" errors="0" timestamp="2025-10-28T15:03:58 IST" skipped="0">
  <testcase classname="com.violetis.Tests.empdashboard.EMPBdayTest" name="verifyFilteringByUser" time="18.996"/>
  <testcase classname="com.violetis.Tests.empdashboard.EMPBdayTest" name="verifyNoBirthdaysForSelectedDate" time="8.664"/>
  <testcase classname="com.violetis.Tests.empdashboard.EMPBdayTest" name="verifyFilteringByDate" time="4.308"/>
</testsuite> <!-- com.violetis.Tests.empdashboard.EMPBdayTest -->
