<?xml version="1.0" encoding="UTF-8"?>
<!-- Generated by org.testng.reporters.JUnitReportReporter -->
<testsuite hostname="DESKTOP-P2DJP4T" failures="0" tests="2" name="com.violetis.Tests.empdashboard.AddnewLeaveTest" time="30.073" errors="0" timestamp="2025-10-29T16:21:40 IST" skipped="0">
  <testcase classname="com.violetis.Tests.empdashboard.AddnewLeaveTest" name="ApplyLeaveTest" time="18.373"/>
  <testcase classname="com.violetis.Tests.empdashboard.AddnewLeaveTest" name="validateLeavefromManager" time="11.700"/>
</testsuite> <!-- com.violetis.Tests.empdashboard.AddnewLeaveTest -->
