<?xml version="1.0" encoding="UTF-8"?>
<!-- Generated by org.testng.reporters.JUnitReportReporter -->
<testsuite hostname="DESKTOP-P2DJP4T" failures="0" tests="4" name="com.violetis.Tests.EmployeePageTests.EMPPrepayementTest" time="11.006" errors="0" timestamp="2025-12-02T17:40:35 IST" skipped="0">
  <testcase classname="com.violetis.Tests.EmployeePageTests.EMPPrepayementTest" name="verifyEmptyState" time="1.770"/>
  <testcase classname="com.violetis.Tests.EmployeePageTests.EMPPrepayementTest" name="verifyYearFilter" time="3.401"/>
  <testcase classname="com.violetis.Tests.EmployeePageTests.EMPPrepayementTest" name="verifymonthfilter" time="3.127"/>
  <testcase classname="com.violetis.Tests.EmployeePageTests.EMPPrepayementTest" name="validateviewactionbtnpage" time="2.708"/>
</testsuite> <!-- com.violetis.Tests.EmployeePageTests.EMPPrepayementTest -->
