<?xml version="1.0" encoding="UTF-8"?>
<!-- Generated by org.testng.reporters.JUnitReportReporter -->
<testsuite hostname="DESKTOP-P2DJP4T" failures="0" tests="7" name="com.violetis.Tests.EmployeePageTests.EMPOffboardingWarnTest" time="22.366" errors="0" timestamp="2025-11-18T17:38:38 IST" skipped="0">
  <testcase classname="com.violetis.Tests.EmployeePageTests.EMPOffboardingWarnTest" name="testTableHeadersCorrectness" time="2.847"/>
  <testcase classname="com.violetis.Tests.EmployeePageTests.EMPOffboardingWarnTest" name="testExactTitleSearch" time="3.346"/>
  <testcase classname="com.violetis.Tests.EmployeePageTests.EMPOffboardingWarnTest" name="testPartialSearch" time="3.073"/>
  <testcase classname="com.violetis.Tests.EmployeePageTests.EMPOffboardingWarnTest" name="testNoDataState" time="2.377"/>
  <testcase classname="com.violetis.Tests.EmployeePageTests.EMPOffboardingWarnTest" name="testClearSearchReloadsTable" time="5.704"/>
  <testcase classname="com.violetis.Tests.EmployeePageTests.EMPOffboardingWarnTest" name="testDateFormat" time="2.144"/>
  <testcase classname="com.violetis.Tests.EmployeePageTests.EMPOffboardingWarnTest" name="testClickTitleOpensCorrectDetail" time="2.875"/>
</testsuite> <!-- com.violetis.Tests.EmployeePageTests.EMPOffboardingWarnTest -->
