<?xml version="1.0" encoding="UTF-8"?>
<!-- Generated by org.testng.reporters.JUnitReportReporter -->
<testsuite hostname="DESKTOP-P2DJP4T" failures="0" tests="9" name="com.violetis.Tests.EmployeePageTests.EmpHolidayTest" time="27.323" errors="0" timestamp="2025-11-07T17:39:03 IST" skipped="0">
  <testcase classname="com.violetis.Tests.EmployeePageTests.EmpHolidayTest" name="verifiyholidaylistdisplay" time="2.032"/>
  <testcase classname="com.violetis.Tests.EmployeePageTests.EmpHolidayTest" name="verifyAllTabFunctionality" time="0.266"/>
  <testcase classname="com.violetis.Tests.EmployeePageTests.EmpHolidayTest" name="verifyHolidayTabFunctionality" time="2.464"/>
  <testcase classname="com.violetis.Tests.EmployeePageTests.EmpHolidayTest" name="verifyWeekendTabFunctionality" time="2.386"/>
  <testcase classname="com.violetis.Tests.EmployeePageTests.EmpHolidayTest" name="verifyYearFilter" time="3.705"/>
  <testcase classname="com.violetis.Tests.EmployeePageTests.EmpHolidayTest" name="verifySearchByPartialName" time="6.826"/>
  <testcase classname="com.violetis.Tests.EmployeePageTests.EmpHolidayTest" name="verifySearchNoMatch" time="5.645"/>
  <testcase classname="com.violetis.Tests.EmployeePageTests.EmpHolidayTest" name="verifyHolidayDateFormat" time="3.820"/>
  <testcase classname="com.violetis.Tests.EmployeePageTests.EmpHolidayTest" name="verifyDownloadHolidayCalendar" time="0.179"/>
</testsuite> <!-- com.violetis.Tests.EmployeePageTests.EmpHolidayTest -->
