<?xml version="1.0" encoding="UTF-8"?>
<!-- Generated by org.testng.reporters.JUnitReportReporter -->
<testsuite hostname="DESKTOP-P2DJP4T" failures="0" tests="1" name="com.violetis.Tests.EmployeePageTests.EMPRemainingLeavesTest" time="20.537" errors="0" timestamp="2025-11-12T20:17:18 IST" skipped="0">
  <testcase classname="com.violetis.Tests.EmployeePageTests.EMPRemainingLeavesTest" name="verifyLeaveDecreaseWithApprovedTab" time="20.537"/>
</testsuite> <!-- com.violetis.Tests.EmployeePageTests.EMPRemainingLeavesTest -->
