<?xml version="1.0" encoding="UTF-8"?>
<!-- Generated by org.testng.reporters.JUnitReportReporter -->
<testsuite hostname="DESKTOP-P2DJP4T" failures="0" tests="1" name="com.violetis.Tests.EmployeePageTests.EmpAttendencedetailsTest" time="21.143" errors="0" timestamp="2025-11-13T22:53:09 IST" skipped="0">
  <testcase classname="com.violetis.Tests.EmployeePageTests.EmpAttendencedetailsTest" name="verifyEmployeeAndManagerAttendanceMatch" time="21.143"/>
</testsuite> <!-- com.violetis.Tests.EmployeePageTests.EmpAttendencedetailsTest -->
