<?xml version="1.0" encoding="UTF-8"?>
<!-- Generated by org.testng.reporters.JUnitReportReporter -->
<testsuite hostname="DESKTOP-P2DJP4T" failures="0" tests="1" name="com.violetis.Tests.EmployeePageTests.EMPAttendenceSummaryTest" time="12.746" errors="0" timestamp="2025-11-17T16:39:33 IST" skipped="0">
  <testcase classname="com.violetis.Tests.EmployeePageTests.EMPAttendenceSummaryTest" name="verifyAttendanceSummaryMatchesDetails" time="12.746"/>
</testsuite> <!-- com.violetis.Tests.EmployeePageTests.EMPAttendenceSummaryTest -->
