<?xml version="1.0" encoding="UTF-8"?>
<!-- Generated by org.testng.reporters.JUnitReportReporter -->
<testsuite hostname="DESKTOP-P2DJP4T" failures="0" tests="1" name="com.violetis.Tests.empdashboard.DashboardCountsTest" time="32.574" errors="0" timestamp="2025-10-29T15:18:28 IST" skipped="0">
  <testcase classname="com.violetis.Tests.empdashboard.DashboardCountsTest" name="validateWarningcountAfterMangerACtion" time="32.574"/>
</testsuite> <!-- com.violetis.Tests.empdashboard.DashboardCountsTest -->
