<?xml version="1.0" encoding="UTF-8"?>
<!-- Generated by org.testng.reporters.JUnitReportReporter -->
<testsuite hostname="DESKTOP-P2DJP4T" failures="0" tests="3" name="com.violetis.Tests.empdashboard.LeavedetailsValTest" time="19.609" errors="0" timestamp="2025-10-29T16:23:42 IST" skipped="0">
  <testcase classname="com.violetis.Tests.empdashboard.LeavedetailsValTest" name="getleavecountsfromempdashboard" time="9.101"/>
  <testcase classname="com.violetis.Tests.empdashboard.LeavedetailsValTest" name="getleavecountsfromleavemodule" time="10.497"/>
  <testcase classname="com.violetis.Tests.empdashboard.LeavedetailsValTest" name="validatelevaecounts" time="0.011"/>
</testsuite> <!-- com.violetis.Tests.empdashboard.LeavedetailsValTest -->
